#
# There is insufficient memory for the Java Runtime Environment to continue.
# Native memory allocation (malloc) failed to allocate 1236016 bytes for Chunk::new
# Possible reasons:
#   The system is out of physical RAM or swap space
#   In 32 bit mode, the process size limit was hit
# Possible solutions:
#   Reduce memory load on the system
#   Increase physical memory or swap space
#   Check if swap backing store is full
#   Use 64 bit Java on a 64 bit OS
#   Decrease Java heap size (-Xmx/-Xms)
#   Decrease number of Java threads
#   Decrease Java thread stack sizes (-Xss)
#   Set larger code cache with -XX:ReservedCodeCacheSize=
# This output file may be truncated or incomplete.
#
#  Out of Memory Error (allocation.cpp:390), pid=15848, tid=15972
#
# JRE version: Java(TM) SE Runtime Environment (8.0_91-b15) (build 1.8.0_91-b15)
# Java VM: Java HotSpot(TM) 64-Bit Server VM (25.91-b15 mixed mode windows-amd64 compressed oops)
# Failed to write core dump. Minidumps are not enabled by default on client versions of Windows
#

---------------  T H R E A D  ---------------

Current thread (0x000000001853c000):  JavaThread "C2 CompilerThread1" daemon [_thread_in_native, id=15972, stack(0x000000001ac20000,0x000000001ad20000)]

Stack: [0x000000001ac20000,0x000000001ad20000]
[error occurred during error reporting (printing stack bounds), id 0xc0000005]

Native frames: (J=compiled Java code, j=interpreted, Vv=VM code, C=native code)


Current CompileTask:
C2:  10841 10207       4       org.gradle.api.internal.tasks.compile.incremental.deps.ClassSetAnalysisData$Serializer::readDependentsSet (118 bytes)


---------------  P R O C E S S  ---------------

Java Threads: ( => current thread )
  0x000000001cf6b800 JavaThread "Cache worker for Java compile cache (D:\è¿…é›·ä¸‹è½½\MyApplication\.gradle\6.7.1\javaCompile)" [_thread_blocked, id=15424, stack(0x0000000030080000,0x0000000030180000)]
  0x000000001cf6b000 JavaThread "Cache worker for Java compile cache (D:\Software\.gradle\caches\6.7.1\javaCompile)" [_thread_blocked, id=15420, stack(0x000000002ff80000,0x0000000030080000)]
  0x000000001f754800 JavaThread "stdout" [_thread_in_native, id=15368, stack(0x000000002fc80000,0x000000002fd80000)]
  0x000000001d7ab800 JavaThread "stderr" [_thread_in_native, id=15364, stack(0x000000002fb80000,0x000000002fc80000)]
  0x000000001d7b1000 JavaThread "pool-4-thread-1" [_thread_blocked, id=10716, stack(0x000000002fa80000,0x000000002fb80000)]
  0x000000001d7ad000 JavaThread "WorkerExecutor Queue Thread 5" [_thread_blocked, id=10404, stack(0x000000002f980000,0x000000002fa80000)]
  0x000000001d7af800 JavaThread "WorkerExecutor Queue Thread 4" [_thread_blocked, id=9596, stack(0x000000002f880000,0x000000002f980000)]
  0x000000001d7ae800 JavaThread "WorkerExecutor Queue Thread 3" [_thread_blocked, id=14868, stack(0x000000002f780000,0x000000002f880000)]
  0x000000001d7ac800 JavaThread "WorkerExecutor Queue Thread 2" [_thread_blocked, id=948, stack(0x000000002f080000,0x000000002f180000)]
  0x000000001d7b1800 JavaThread "WorkerExecutor Queue" [_thread_blocked, id=3944, stack(0x000000002e000000,0x000000002e100000)]
  0x000000001d7a9800 JavaThread "Cache worker for execution history cache (D:\è¿…é›·ä¸‹è½½\MyApplication\.gradle\6.7.1\executionHistory)" [_thread_blocked, id=13300, stack(0x000000002eb80000,0x000000002ec80000)]
  0x000000001d7a8800 JavaThread "Execution worker for ':' Thread 7" [_thread_blocked, id=13764, stack(0x000000002ea80000,0x000000002eb80000)]
  0x000000001d7a7000 JavaThread "Execution worker for ':' Thread 6" [_thread_blocked, id=11704, stack(0x000000002e980000,0x000000002ea80000)]
  0x000000001d7a8000 JavaThread "Execution worker for ':' Thread 5" [_thread_blocked, id=13116, stack(0x000000002e880000,0x000000002e980000)]
  0x000000001d7aa000 JavaThread "Execution worker for ':' Thread 4" [_thread_blocked, id=12336, stack(0x000000002e780000,0x000000002e880000)]
  0x000000001d7a2800 JavaThread "Execution worker for ':' Thread 3" [_thread_blocked, id=3752, stack(0x000000002e460000,0x000000002e560000)]
  0x000000001d7a5800 JavaThread "Execution worker for ':' Thread 2" [_thread_blocked, id=6332, stack(0x000000002e360000,0x000000002e460000)]
  0x000000001d7a6800 JavaThread "Execution worker for ':'" [_thread_blocked, id=3688, stack(0x000000002e260000,0x000000002e360000)]
  0x000000001d7a4000 JavaThread "build event listener" [_thread_blocked, id=13432, stack(0x000000002e160000,0x000000002e260000)]
  0x000000001a4bc000 JavaThread "build event listener" [_thread_blocked, id=7904, stack(0x000000002d1d0000,0x000000002d2d0000)]
  0x000000001f756800 JavaThread "Memory manager" [_thread_blocked, id=8532, stack(0x000000002d300000,0x000000002d400000)]
  0x000000001f759800 JavaThread "jar transforms Thread 97" [_thread_blocked, id=4288, stack(0x000000002c8d0000,0x000000002c9d0000)]
  0x000000001f75a800 JavaThread "jar transforms Thread 96" [_thread_blocked, id=8700, stack(0x000000002c7d0000,0x000000002c8d0000)]
  0x000000001f755000 JavaThread "jar transforms Thread 95" [_thread_blocked, id=12136, stack(0x000000002c6d0000,0x000000002c7d0000)]
  0x000000001f753800 JavaThread "jar transforms Thread 94" [_thread_blocked, id=7988, stack(0x000000002c250000,0x000000002c350000)]
  0x000000001f759000 JavaThread "jar transforms Thread 93" [_thread_blocked, id=8040, stack(0x000000002c5d0000,0x000000002c6d0000)]
  0x000000001f758000 JavaThread "jar transforms Thread 92" [_thread_blocked, id=10468, stack(0x000000002c4d0000,0x000000002c5d0000)]
  0x000000001f74c000 JavaThread "jar transforms Thread 91" [_thread_blocked, id=14488, stack(0x000000002c3d0000,0x000000002c4d0000)]
  0x000000001f753000 JavaThread "jar transforms Thread 90" [_thread_blocked, id=12064, stack(0x000000002c150000,0x000000002c250000)]
  0x000000001f74d800 JavaThread "jar transforms Thread 89" [_thread_blocked, id=1808, stack(0x000000002c050000,0x000000002c150000)]
  0x000000001f74b800 JavaThread "jar transforms Thread 88" [_thread_blocked, id=5636, stack(0x000000002bf50000,0x000000002c050000)]
  0x000000001f751800 JavaThread "jar transforms Thread 87" [_thread_blocked, id=4060, stack(0x000000002bd50000,0x000000002be50000)]
  0x000000001f74d000 JavaThread "jar transforms Thread 86" [_thread_blocked, id=8212, stack(0x000000002bc50000,0x000000002bd50000)]
  0x000000001f752000 JavaThread "jar transforms Thread 85" [_thread_blocked, id=14912, stack(0x000000002bb50000,0x000000002bc50000)]
  0x000000001f750800 JavaThread "jar transforms Thread 84" [_thread_blocked, id=4188, stack(0x000000002ba50000,0x000000002bb50000)]
  0x000000001f750000 JavaThread "jar transforms Thread 83" [_thread_blocked, id=6680, stack(0x000000002b950000,0x000000002ba50000)]
  0x000000001f74f000 JavaThread "jar transforms Thread 82" [_thread_blocked, id=10544, stack(0x000000002b850000,0x000000002b950000)]
  0x000000001f74e800 JavaThread "jar transforms Thread 81" [_thread_blocked, id=2480, stack(0x000000002b750000,0x000000002b850000)]
  0x000000001f887000 JavaThread "jar transforms Thread 80" [_thread_blocked, id=9684, stack(0x000000002b650000,0x000000002b750000)]
  0x000000001f886800 JavaThread "jar transforms Thread 79" [_thread_blocked, id=5488, stack(0x000000002b550000,0x000000002b650000)]
  0x000000001f885800 JavaThread "jar transforms Thread 78" [_thread_blocked, id=15804, stack(0x000000002b450000,0x000000002b550000)]
  0x000000001f883800 JavaThread "jar transforms Thread 77" [_thread_blocked, id=4048, stack(0x000000002b350000,0x000000002b450000)]
  0x000000001f882800 JavaThread "jar transforms Thread 76" [_thread_blocked, id=5460, stack(0x000000002b250000,0x000000002b350000)]
  0x000000001f885000 JavaThread "jar transforms Thread 75" [_thread_blocked, id=15148, stack(0x000000002b150000,0x000000002b250000)]
  0x000000001f882000 JavaThread "jar transforms Thread 74" [_thread_blocked, id=9884, stack(0x000000002b050000,0x000000002b150000)]
  0x000000001f884000 JavaThread "jar transforms Thread 73" [_thread_blocked, id=5352, stack(0x000000002af50000,0x000000002b050000)]
  0x000000001f888000 JavaThread "jar transforms Thread 72" [_thread_blocked, id=14532, stack(0x000000002ae50000,0x000000002af50000)]
  0x000000001f87a800 JavaThread "jar transforms Thread 71" [_thread_blocked, id=2012, stack(0x000000002ad50000,0x000000002ae50000)]
  0x000000001f881000 JavaThread "jar transforms Thread 70" [_thread_blocked, id=4640, stack(0x000000002ac50000,0x000000002ad50000)]
  0x000000001f879800 JavaThread "jar transforms Thread 69" [_thread_blocked, id=12808, stack(0x000000002a7d0000,0x000000002a8d0000)]
  0x000000001f87d800 JavaThread "jar transforms Thread 68" [_thread_blocked, id=6800, stack(0x000000002ab50000,0x000000002ac50000)]
  0x000000001f87c000 JavaThread "jar transforms Thread 67" [_thread_blocked, id=6636, stack(0x000000002aa50000,0x000000002ab50000)]
  0x000000001f87e000 JavaThread "jar transforms Thread 66" [_thread_blocked, id=6128, stack(0x000000002a950000,0x000000002aa50000)]
  0x000000001f87c800 JavaThread "jar transforms Thread 65" [_thread_blocked, id=5056, stack(0x000000002a6d0000,0x000000002a7d0000)]
  0x000000001f880800 JavaThread "jar transforms Thread 64" [_thread_blocked, id=16380, stack(0x000000002a5d0000,0x000000002a6d0000)]
  0x000000001f879000 JavaThread "jar transforms Thread 63" [_thread_blocked, id=16376, stack(0x000000002a4d0000,0x000000002a5d0000)]
  0x000000001f87f800 JavaThread "jar transforms Thread 62" [_thread_blocked, id=16372, stack(0x000000002a3d0000,0x000000002a4d0000)]
  0x000000001f87f000 JavaThread "jar transforms Thread 61" [_thread_blocked, id=16368, stack(0x000000002a2d0000,0x000000002a3d0000)]
  0x000000001f87b000 JavaThread "jar transforms Thread 60" [_thread_blocked, id=16364, stack(0x000000002a1d0000,0x000000002a2d0000)]
  0x0000000020cbd800 JavaThread "jar transforms Thread 59" [_thread_blocked, id=16360, stack(0x000000002a0d0000,0x000000002a1d0000)]
  0x0000000020cbc000 JavaThread "jar transforms Thread 58" [_thread_blocked, id=16356, stack(0x0000000029fd0000,0x000000002a0d0000)]
  0x0000000020cb8800 JavaThread "jar transforms Thread 57" [_thread_blocked, id=16352, stack(0x0000000029b60000,0x0000000029c60000)]
  0x0000000020cbb800 JavaThread "jar transforms Thread 56" [_thread_blocked, id=16348, stack(0x0000000029ed0000,0x0000000029fd0000)]
  0x0000000020cbd000 JavaThread "jar transforms Thread 55" [_thread_blocked, id=16344, stack(0x0000000029dd0000,0x0000000029ed0000)]
  0x0000000020cba000 JavaThread "jar transforms Thread 54" [_thread_blocked, id=16340, stack(0x0000000029cd0000,0x0000000029dd0000)]
  0x0000000020cba800 JavaThread "jar transforms Thread 53" [_thread_blocked, id=16336, stack(0x0000000029a60000,0x0000000029b60000)]
  0x0000000020cbe800 JavaThread "jar transforms Thread 52" [_thread_blocked, id=16332, stack(0x0000000029960000,0x0000000029a60000)]
  0x0000000020cb9000 JavaThread "jar transforms Thread 51" [_thread_blocked, id=16328, stack(0x0000000029860000,0x0000000029960000)]
  0x0000000020cb1000 JavaThread "jar transforms Thread 50" [_thread_blocked, id=16324, stack(0x0000000029760000,0x0000000029860000)]
  0x0000000020cb7800 JavaThread "jar transforms Thread 49" [_thread_blocked, id=16320, stack(0x0000000029660000,0x0000000029760000)]
  0x0000000020cb0000 JavaThread "jar transforms Thread 48" [_thread_blocked, id=16316, stack(0x0000000029560000,0x0000000029660000)]
  0x0000000020cb7000 JavaThread "jar transforms Thread 47" [_thread_blocked, id=16312, stack(0x0000000029460000,0x0000000029560000)]
  0x0000000020cb4800 JavaThread "jar transforms Thread 46" [_thread_blocked, id=16308, stack(0x0000000029360000,0x0000000029460000)]
  0x0000000020caf800 JavaThread "jar transforms Thread 45" [_thread_blocked, id=16304, stack(0x0000000029260000,0x0000000029360000)]
  0x0000000020cb4000 JavaThread "jar transforms Thread 44" [_thread_blocked, id=16300, stack(0x0000000029160000,0x0000000029260000)]
  0x0000000020cb3000 JavaThread "jar transforms Thread 43" [_thread_blocked, id=16296, stack(0x0000000029060000,0x0000000029160000)]
  0x0000000020cb5800 JavaThread "jar transforms Thread 42" [_thread_blocked, id=16292, stack(0x0000000028f60000,0x0000000029060000)]
  0x0000000020cb6000 JavaThread "jar transforms Thread 41" [_thread_blocked, id=16288, stack(0x0000000028e60000,0x0000000028f60000)]
  0x0000000020cb2800 JavaThread "jar transforms Thread 40" [_thread_blocked, id=16284, stack(0x0000000028d60000,0x0000000028e60000)]
  0x0000000020cb1800 JavaThread "jar transforms Thread 39" [_thread_blocked, id=16280, stack(0x0000000028c60000,0x0000000028d60000)]
  0x000000001f773000 JavaThread "jar transforms Thread 38" [_thread_blocked, id=16276, stack(0x0000000028b60000,0x0000000028c60000)]
  0x000000001f772000 JavaThread "jar transforms Thread 37" [_thread_blocked, id=16272, stack(0x0000000028700000,0x0000000028800000)]
  0x000000001f773800 JavaThread "jar transforms Thread 36" [_thread_blocked, id=16268, stack(0x0000000028a60000,0x0000000028b60000)]
  0x000000001f776800 JavaThread "jar transforms Thread 35" [_thread_blocked, id=16264, stack(0x0000000028960000,0x0000000028a60000)]
  0x000000001f776000 JavaThread "jar transforms Thread 34" [_thread_blocked, id=16260, stack(0x0000000028860000,0x0000000028960000)]
  0x000000001f775000 JavaThread "jar transforms Thread 33" [_thread_blocked, id=16256, stack(0x0000000028600000,0x0000000028700000)]
  0x000000001f774800 JavaThread "jar transforms Thread 32" [_thread_blocked, id=16252, stack(0x0000000028500000,0x0000000028600000)]
  0x000000001f771800 JavaThread "jar transforms Thread 31" [_thread_blocked, id=16248, stack(0x0000000028400000,0x0000000028500000)]
  0x000000001f76a000 JavaThread "jar transforms Thread 30" [_thread_blocked, id=16244, stack(0x0000000028300000,0x0000000028400000)]
  0x000000001f770800 JavaThread "jar transforms Thread 29" [_thread_blocked, id=16240, stack(0x0000000028200000,0x0000000028300000)]
  0x000000001f76c000 JavaThread "jar transforms Thread 28" [_thread_blocked, id=16236, stack(0x0000000028100000,0x0000000028200000)]
  0x000000001f76d800 JavaThread "jar transforms Thread 27" [_thread_blocked, id=16232, stack(0x0000000028000000,0x0000000028100000)]
  0x000000001f770000 JavaThread "jar transforms Thread 26" [_thread_blocked, id=16228, stack(0x0000000027f00000,0x0000000028000000)]
  0x000000001f76e800 JavaThread "jar transforms Thread 25" [_thread_blocked, id=16224, stack(0x0000000027e00000,0x0000000027f00000)]
  0x000000001f76a800 JavaThread "jar transforms Thread 24" [_thread_blocked, id=16220, stack(0x0000000027ab0000,0x0000000027bb0000)]
  0x000000001f76f000 JavaThread "jar transforms Thread 23" [_thread_blocked, id=16216, stack(0x0000000027d00000,0x0000000027e00000)]
  0x000000001f768000 JavaThread "jar transforms Thread 22" [_thread_blocked, id=16212, stack(0x0000000027c00000,0x0000000027d00000)]
  0x000000001f769000 JavaThread "jar transforms Thread 21" [_thread_blocked, id=16208, stack(0x00000000279b0000,0x0000000027ab0000)]
  0x000000001f767800 JavaThread "jar transforms Thread 20" [_thread_blocked, id=16204, stack(0x00000000278b0000,0x00000000279b0000)]
  0x000000001f76b800 JavaThread "jar transforms Thread 19" [_thread_blocked, id=16200, stack(0x00000000277b0000,0x00000000278b0000)]
  0x000000001f76d000 JavaThread "jar transforms Thread 18" [_thread_blocked, id=16196, stack(0x00000000276b0000,0x00000000277b0000)]
  0x0000000022311000 JavaThread "jar transforms Thread 17" [_thread_blocked, id=16192, stack(0x00000000275b0000,0x00000000276b0000)]
  0x0000000022315000 JavaThread "jar transforms Thread 16" [_thread_blocked, id=16188, stack(0x00000000274b0000,0x00000000275b0000)]
  0x0000000022313800 JavaThread "jar transforms Thread 15" [_thread_blocked, id=16184, stack(0x00000000273b0000,0x00000000274b0000)]
  0x0000000022315800 JavaThread "jar transforms Thread 14" [_thread_blocked, id=16180, stack(0x00000000272b0000,0x00000000273b0000)]
  0x0000000022314000 JavaThread "jar transforms Thread 13" [_thread_blocked, id=16176, stack(0x00000000271b0000,0x00000000272b0000)]
  0x0000000022310800 JavaThread "jar transforms Thread 12" [_thread_blocked, id=16172, stack(0x00000000270b0000,0x00000000271b0000)]
  0x0000000022312800 JavaThread "jar transforms Thread 11" [_thread_blocked, id=16168, stack(0x0000000026fb0000,0x00000000270b0000)]
  0x000000002230f800 JavaThread "jar transforms Thread 10" [_thread_blocked, id=16164, stack(0x0000000026eb0000,0x0000000026fb0000)]
  0x0000000022312000 JavaThread "jar transforms Thread 9" [_thread_blocked, id=16160, stack(0x0000000026db0000,0x0000000026eb0000)]
  0x000000002230f000 JavaThread "jar transforms Thread 8" [_thread_blocked, id=16156, stack(0x0000000026cb0000,0x0000000026db0000)]
  0x000000001f8f7000 JavaThread "jar transforms Thread 7" [_thread_blocked, id=16152, stack(0x0000000026bb0000,0x0000000026cb0000)]
  0x000000001f8f2000 JavaThread "jar transforms Thread 6" [_thread_blocked, id=16148, stack(0x0000000026ab0000,0x0000000026bb0000)]
  0x000000001f8f3800 JavaThread "jar transforms Thread 5" [_thread_blocked, id=16144, stack(0x00000000269b0000,0x0000000026ab0000)]
  0x000000001f8f6800 JavaThread "jar transforms Thread 4" [_thread_blocked, id=16140, stack(0x00000000268b0000,0x00000000269b0000)]
  0x000000001f8f2800 JavaThread "jar transforms Thread 3" [_thread_blocked, id=16136, stack(0x00000000267b0000,0x00000000268b0000)]
  0x000000001f8f5000 JavaThread "jar transforms Thread 2" [_thread_blocked, id=16132, stack(0x00000000266b0000,0x00000000267b0000)]
  0x000000001f8f5800 JavaThread "Build operations Thread 8" [_thread_blocked, id=16128, stack(0x00000000265b0000,0x00000000266b0000)]
  0x000000001f8f1000 JavaThread "Build operations Thread 7" [_thread_blocked, id=16124, stack(0x00000000263b0000,0x00000000264b0000)]
  0x000000001f8f4000 JavaThread "Build operations Thread 6" [_thread_blocked, id=16120, stack(0x00000000262b0000,0x00000000263b0000)]
  0x000000001f8e9800 JavaThread "Build operations Thread 5" [_thread_blocked, id=16116, stack(0x00000000261b0000,0x00000000262b0000)]
  0x000000001f8f0800 JavaThread "Build operations Thread 4" [_thread_blocked, id=16112, stack(0x00000000260b0000,0x00000000261b0000)]
  0x000000001f8ec000 JavaThread "Build operations Thread 3" [_thread_blocked, id=16108, stack(0x0000000025fb0000,0x00000000260b0000)]
  0x000000001f8e9000 JavaThread "Build operations Thread 2" [_thread_in_native, id=16104, stack(0x0000000025eb0000,0x0000000025fb0000)]
  0x000000001f8ef800 JavaThread "Build operations" [_thread_blocked, id=16100, stack(0x00000000248e0000,0x00000000249e0000)]
  0x000000001f8ed800 JavaThread "Cache worker for Build Output Cleanup Cache (D:\è¿…é›·ä¸‹è½½\MyApplication\.gradle\buildOutputCleanup)" [_thread_blocked, id=16096, stack(0x00000000244e0000,0x00000000245e0000)]
  0x000000001f8ef000 JavaThread "Cache worker for file content cache (D:\Software\.gradle\caches\6.7.1\fileContent)" [_thread_blocked, id=16092, stack(0x00000000245e0000,0x00000000246e0000)]
  0x000000001f8ea800 JavaThread "jar transforms" [_thread_blocked, id=16088, stack(0x0000000024be0000,0x0000000024ce0000)]
  0x000000001f8e8000 JavaThread "Cache worker for execution history cache (D:\Software\.gradle\caches\6.7.1\executionHistory)" [_thread_blocked, id=16084, stack(0x0000000022870000,0x0000000022970000)]
  0x000000001a4ba000 JavaThread "Cache worker for cache directory md-rule (D:\Software\.gradle\caches\6.7.1\md-rule)" [_thread_blocked, id=16080, stack(0x00000000211d0000,0x00000000212d0000)]
  0x000000001a4bb800 JavaThread "Cache worker for cache directory md-supplier (D:\Software\.gradle\caches\6.7.1\md-supplier)" [_thread_blocked, id=16076, stack(0x00000000210d0000,0x00000000211d0000)]
  0x000000001a4b8800 JavaThread "Cache worker for checksums cache (D:\è¿…é›·ä¸‹è½½\MyApplication\.gradle\checksums)" [_thread_blocked, id=16072, stack(0x00000000216c0000,0x00000000217c0000)]
  0x000000001a4bd000 JavaThread "Cache worker for file hash cache (D:\è¿…é›·ä¸‹è½½\MyApplication\.gradle\6.7.1\fileHashes)" [_thread_blocked, id=16064, stack(0x0000000021390000,0x0000000021490000)]
  0x000000001a4ba800 JavaThread "Cache worker for journal cache (D:\Software\.gradle\caches\journal-1)" [_thread_blocked, id=16060, stack(0x000000001ee30000,0x000000001ef30000)]
  0x000000001a4b7000 JavaThread "File lock request listener" [_thread_in_native, id=16056, stack(0x000000001eb90000,0x000000001ec90000)]
  0x000000001a4b7800 JavaThread "Cache worker for file hash cache (D:\Software\.gradle\caches\6.7.1\fileHashes)" [_thread_blocked, id=16052, stack(0x000000001ed30000,0x000000001ee30000)]
  0x000000001cae4800 JavaThread "Thread-9" [_thread_blocked, id=16048, stack(0x000000001e890000,0x000000001e990000)]
  0x000000001caae800 JavaThread "Stdin handler" [_thread_blocked, id=16044, stack(0x000000001e790000,0x000000001e890000)]
  0x000000001ca6a800 JavaThread "Asynchronous log dispatcher for DefaultDaemonConnection: socket connection from /127.0.0.1:55112 to /127.0.0.1:55113" [_thread_blocked, id=16040, stack(0x000000001e690000,0x000000001e790000)]
  0x000000001ca4b800 JavaThread "Daemon worker" [_thread_blocked, id=16028, stack(0x000000001e590000,0x000000001e690000)]
  0x000000001ca5b800 JavaThread "Cancel handler" [_thread_blocked, id=16024, stack(0x000000001e490000,0x000000001e590000)]
  0x000000001ca7e800 JavaThread "Handler for socket connection from /127.0.0.1:55112 to /127.0.0.1:55113" [_thread_in_native, id=16020, stack(0x000000001e190000,0x000000001e290000)]
  0x000000001ca01000 JavaThread "Daemon" [_thread_blocked, id=16016, stack(0x000000001e090000,0x000000001e190000)]
  0x000000001ca06800 JavaThread "Daemon periodic checks" [_thread_blocked, id=16012, stack(0x000000001df90000,0x000000001e090000)]
  0x000000001c9f3000 JavaThread "Incoming local TCP Connector on port 55112" [_thread_in_native, id=16008, stack(0x000000001dde0000,0x000000001dee0000)]
  0x000000001c7dc800 JavaThread "Daemon health stats" [_thread_blocked, id=15996, stack(0x000000001d8c0000,0x000000001d9c0000)]
  0x000000001a55d000 JavaThread "Service Thread" daemon [_thread_blocked, id=15984, stack(0x000000001af20000,0x000000001b020000)]
  0x000000001a4bd800 JavaThread "C1 CompilerThread3" daemon [_thread_blocked, id=15980, stack(0x000000001ae20000,0x000000001af20000)]
  0x000000001a4b3000 JavaThread "C2 CompilerThread2" daemon [_thread_in_native, id=15976, stack(0x000000001ad20000,0x000000001ae20000)]
=>0x000000001853c000 JavaThread "C2 CompilerThread1" daemon [_thread_in_native, id=15972, stack(0x000000001ac20000,0x000000001ad20000)]
  0x000000001853a000 JavaThread "C2 CompilerThread0" daemon [_thread_in_native, id=15968, stack(0x000000001ab20000,0x000000001ac20000)]
  0x000000001a4af000 JavaThread "Attach Listener" daemon [_thread_blocked, id=15964, stack(0x000000001aa20000,0x000000001ab20000)]
  0x000000001a45b800 JavaThread "Signal Dispatcher" daemon [_thread_blocked, id=15960, stack(0x000000001a920000,0x000000001aa20000)]
  0x000000000340d800 JavaThread "Finalizer" daemon [_thread_blocked, id=15956, stack(0x000000001a820000,0x000000001a920000)]
  0x000000001852d800 JavaThread "Reference Handler" daemon [_thread_blocked, id=15952, stack(0x000000001a320000,0x000000001a420000)]
  0x0000000003311000 JavaThread "main" [_thread_blocked, id=15912, stack(0x0000000002e90000,0x0000000002f90000)]

Other Threads:
  0x0000000018528800 VMThread [stack: 0x000000001a220000,0x000000001a320000] [id=15948]
  0x000000001a5c7800 WatcherThread [stack: 0x000000001b020000,0x000000001b120000] [id=15988]

VM state:not at safepoint (normal execution)

VM Mutex/Monitor currently owned by a thread: None

Heap:
 PSYoungGen      total 282112K, used 54270K [0x00000000d5580000, 0x00000000ec480000, 0x0000000100000000)
  eden space 266240K, 14% used [0x00000000d5580000,0x00000000d7b00820,0x00000000e5980000)
  from space 15872K, 99% used [0x00000000e7680000,0x00000000e85ff080,0x00000000e8600000)
  to   space 29696K, 0% used [0x00000000e5980000,0x00000000e5980000,0x00000000e7680000)
 ParOldGen       total 140288K, used 53588K [0x0000000080000000, 0x0000000088900000, 0x00000000d5580000)
  object space 140288K, 38% used [0x0000000080000000,0x0000000083455190,0x0000000088900000)
 Metaspace       used 76271K, capacity 80084K, committed 80384K, reserved 1118208K
  class space    used 10537K, capacity 11213K, committed 11264K, reserved 1048576K

Card table byte_map: [0x0000000012880000,0x0000000012c90000] byte_map_base: 0x0000000012480000

Marking Bits: (ParMarkBitMap*) 0x0000000072ab2f70
 Begin Bits: [0x0000000013740000, 0x0000000015740000)
 End Bits:   [0x0000000015740000, 0x0000000017740000)

Polling page: 0x0000000002f90000

CodeCache: size=245760Kb used=28001Kb max_used=28007Kb free=217758Kb
 bounds [0x00000000034c0000, 0x0000000005040000, 0x00000000124c0000]
 total_blobs=9741 nmethods=8914 adapters=737
 compilation: enabled

Compilation events (10 events):
Event: 10.830 Thread 0x000000001a4bd800 10281       3       java.util.Collections$3::nextElement (10 bytes)
Event: 10.830 Thread 0x000000001a4bd800 nmethod 10281 0x0000000005020910 code [0x0000000005020a80, 0x0000000005020ca8]
Event: 10.830 Thread 0x000000001a4b3000 nmethod 10265 0x0000000005020d50 code [0x0000000005020ee0, 0x00000000050210f0]
Event: 10.830 Thread 0x000000001a4b3000 10201       4       java.lang.StringCoding::deref (19 bytes)
Event: 10.835 Thread 0x000000001a4bd800 10282       3       org.gradle.internal.serialize.IntSetSerializer::read (54 bytes)
Event: 10.835 Thread 0x000000001a4bd800 nmethod 10282 0x000000000501e150 code [0x000000000501e340, 0x000000000501e8f8]
Event: 10.837 Thread 0x000000001a4b3000 nmethod 10201 0x0000000005023090 code [0x0000000005023240, 0x0000000005023850]
Event: 10.837 Thread 0x000000001a4b3000 10283  s    4       java.io.BufferedInputStream::read (113 bytes)
Event: 10.837 Thread 0x000000001a4bd800 10285   !   2       java.net.URLClassLoader$1::run (63 bytes)
Event: 10.837 Thread 0x000000001a4bd800 nmethod 10285 0x000000000501da10 code [0x000000000501dbc0, 0x000000000501dec8]

GC Heap History (10 events):
Event: 3.865 GC heap before
{Heap before GC invocations=11 (full 2):
 PSYoungGen      total 230400K, used 215552K [0x00000000d5580000, 0x00000000e4a80000, 0x0000000100000000)
  eden space 215552K, 100% used [0x00000000d5580000,0x00000000e2800000,0x00000000e2800000)
  from space 14848K, 0% used [0x00000000e3580000,0x00000000e3580000,0x00000000e4400000)
  to   space 13824K, 0% used [0x00000000e2800000,0x00000000e2800000,0x00000000e3580000)
 ParOldGen       total 83968K, used 14511K [0x0000000080000000, 0x0000000085200000, 0x00000000d5580000)
  object space 83968K, 17% used [0x0000000080000000,0x0000000080e2bc98,0x0000000085200000)
 Metaspace       used 41882K, capacity 43786K, committed 43904K, reserved 1087488K
  class space    used 5835K, capacity 6247K, committed 6272K, reserved 1048576K
Event: 3.873 GC heap after
Heap after GC invocations=11 (full 2):
 PSYoungGen      total 229376K, used 13815K [0x00000000d5580000, 0x00000000e8600000, 0x0000000100000000)
  eden space 215552K, 0% used [0x00000000d5580000,0x00000000d5580000,0x00000000e2800000)
  from space 13824K, 99% used [0x00000000e2800000,0x00000000e357dee8,0x00000000e3580000)
  to   space 15872K, 0% used [0x00000000e7680000,0x00000000e7680000,0x00000000e8600000)
 ParOldGen       total 83968K, used 14980K [0x0000000080000000, 0x0000000085200000, 0x00000000d5580000)
  object space 83968K, 17% used [0x0000000080000000,0x0000000080ea1290,0x0000000085200000)
 Metaspace       used 41882K, capacity 43786K, committed 43904K, reserved 1087488K
  class space    used 5835K, capacity 6247K, committed 6272K, reserved 1048576K
}
Event: 5.081 GC heap before
{Heap before GC invocations=12 (full 2):
 PSYoungGen      total 229376K, used 196866K [0x00000000d5580000, 0x00000000e8600000, 0x0000000100000000)
  eden space 215552K, 84% used [0x00000000d5580000,0x00000000e0842b10,0x00000000e2800000)
  from space 13824K, 99% used [0x00000000e2800000,0x00000000e357dee8,0x00000000e3580000)
  to   space 15872K, 0% used [0x00000000e7680000,0x00000000e7680000,0x00000000e8600000)
 ParOldGen       total 83968K, used 14980K [0x0000000080000000, 0x0000000085200000, 0x00000000d5580000)
  object space 83968K, 17% used [0x0000000080000000,0x0000000080ea1290,0x0000000085200000)
 Metaspace       used 56653K, capacity 59044K, committed 59160K, reserved 1099776K
  class space    used 8010K, capacity 8467K, committed 8576K, reserved 1048576K
Event: 5.097 GC heap after
Heap after GC invocations=12 (full 2):
 PSYoungGen      total 289280K, used 15860K [0x00000000d5580000, 0x00000000e8f00000, 0x0000000100000000)
  eden space 273408K, 0% used [0x00000000d5580000,0x00000000d5580000,0x00000000e6080000)
  from space 15872K, 99% used [0x00000000e7680000,0x00000000e85fd310,0x00000000e8600000)
  to   space 22528K, 0% used [0x00000000e6080000,0x00000000e6080000,0x00000000e7680000)
 ParOldGen       total 83968K, used 28053K [0x0000000080000000, 0x0000000085200000, 0x00000000d5580000)
  object space 83968K, 33% used [0x0000000080000000,0x0000000081b657c8,0x0000000085200000)
 Metaspace       used 56653K, capacity 59044K, committed 59160K, reserved 1099776K
  class space    used 8010K, capacity 8467K, committed 8576K, reserved 1048576K
}
Event: 5.097 GC heap before
{Heap before GC invocations=13 (full 3):
 PSYoungGen      total 289280K, used 15860K [0x00000000d5580000, 0x00000000e8f00000, 0x0000000100000000)
  eden space 273408K, 0% used [0x00000000d5580000,0x00000000d5580000,0x00000000e6080000)
  from space 15872K, 99% used [0x00000000e7680000,0x00000000e85fd310,0x00000000e8600000)
  to   space 22528K, 0% used [0x00000000e6080000,0x00000000e6080000,0x00000000e7680000)
 ParOldGen       total 83968K, used 28053K [0x0000000080000000, 0x0000000085200000, 0x00000000d5580000)
  object space 83968K, 33% used [0x0000000080000000,0x0000000081b657c8,0x0000000085200000)
 Metaspace       used 56653K, capacity 59044K, committed 59160K, reserved 1099776K
  class space    used 8010K, capacity 8467K, committed 8576K, reserved 1048576K
Event: 5.270 GC heap after
Heap after GC invocations=13 (full 3):
 PSYoungGen      total 289280K, used 0K [0x00000000d5580000, 0x00000000e8f00000, 0x0000000100000000)
  eden space 273408K, 0% used [0x00000000d5580000,0x00000000d5580000,0x00000000e6080000)
  from space 15872K, 0% used [0x00000000e7680000,0x00000000e7680000,0x00000000e8600000)
  to   space 22528K, 0% used [0x00000000e6080000,0x00000000e6080000,0x00000000e7680000)
 ParOldGen       total 140288K, used 41714K [0x0000000080000000, 0x0000000088900000, 0x00000000d5580000)
  object space 140288K, 29% used [0x0000000080000000,0x00000000828bc9e8,0x0000000088900000)
 Metaspace       used 56608K, capacity 58894K, committed 59160K, reserved 1099776K
  class space    used 7996K, capacity 8442K, committed 8576K, reserved 1048576K
}
Event: 7.088 GC heap before
{Heap before GC invocations=14 (full 3):
 PSYoungGen      total 289280K, used 273408K [0x00000000d5580000, 0x00000000e8f00000, 0x0000000100000000)
  eden space 273408K, 100% used [0x00000000d5580000,0x00000000e6080000,0x00000000e6080000)
  from space 15872K, 0% used [0x00000000e7680000,0x00000000e7680000,0x00000000e8600000)
  to   space 22528K, 0% used [0x00000000e6080000,0x00000000e6080000,0x00000000e7680000)
 ParOldGen       total 140288K, used 41714K [0x0000000080000000, 0x0000000088900000, 0x00000000d5580000)
  object space 140288K, 29% used [0x0000000080000000,0x00000000828bc9e8,0x0000000088900000)
 Metaspace       used 69925K, capacity 73460K, committed 73728K, reserved 1112064K
  class space    used 9788K, capacity 10453K, committed 10496K, reserved 1048576K
Event: 7.102 GC heap after
Heap after GC invocations=14 (full 3):
 PSYoungGen      total 295936K, used 19437K [0x00000000d5580000, 0x00000000e8f00000, 0x0000000100000000)
  eden space 273408K, 0% used [0x00000000d5580000,0x00000000d5580000,0x00000000e6080000)
  from space 22528K, 86% used [0x00000000e6080000,0x00000000e737b7c8,0x00000000e7680000)
  to   space 15872K, 0% used [0x00000000e7680000,0x00000000e7680000,0x00000000e8600000)
 ParOldGen       total 140288K, used 41786K [0x0000000080000000, 0x0000000088900000, 0x00000000d5580000)
  object space 140288K, 29% used [0x0000000080000000,0x00000000828ce9f8,0x0000000088900000)
 Metaspace       used 69925K, capacity 73460K, committed 73728K, reserved 1112064K
  class space    used 9788K, capacity 10453K, committed 10496K, reserved 1048576K
}
Event: 10.693 GC heap before
{Heap before GC invocations=15 (full 3):
 PSYoungGen      total 295936K, used 292845K [0x00000000d5580000, 0x00000000e8f00000, 0x0000000100000000)
  eden space 273408K, 100% used [0x00000000d5580000,0x00000000e6080000,0x00000000e6080000)
  from space 22528K, 86% used [0x00000000e6080000,0x00000000e737b7c8,0x00000000e7680000)
  to   space 15872K, 0% used [0x00000000e7680000,0x00000000e7680000,0x00000000e8600000)
 ParOldGen       total 140288K, used 41786K [0x0000000080000000, 0x0000000088900000, 0x00000000d5580000)
  object space 140288K, 29% used [0x0000000080000000,0x00000000828ce9f8,0x0000000088900000)
 Metaspace       used 75450K, capacity 79164K, committed 79488K, reserved 1118208K
  class space    used 10428K, capacity 11115K, committed 11136K, reserved 1048576K
Event: 10.710 GC heap after
Heap after GC invocations=15 (full 3):
 PSYoungGen      total 282112K, used 15868K [0x00000000d5580000, 0x00000000ec480000, 0x0000000100000000)
  eden space 266240K, 0% used [0x00000000d5580000,0x00000000d5580000,0x00000000e5980000)
  from space 15872K, 99% used [0x00000000e7680000,0x00000000e85ff080,0x00000000e8600000)
  to   space 29696K, 0% used [0x00000000e5980000,0x00000000e5980000,0x00000000e7680000)
 ParOldGen       total 140288K, used 53588K [0x0000000080000000, 0x0000000088900000, 0x00000000d5580000)
  object space 140288K, 38% used [0x0000000080000000,0x0000000083455190,0x0000000088900000)
 Metaspace       used 75450K, capacity 79164K, committed 79488K, reserved 1118208K
  class space    used 10428K, capacity 11115K, committed 11136K, reserved 1048576K
}

Deoptimization events (10 events):
Event: 10.560 Thread 0x000000001f8f1000 Uncommon trap: reason=class_check action=maybe_recompile pc=0x0000000004dfc1c0 method=com.google.common.cache.LocalCache$Segment.get(Ljava/lang/Object;I)Ljava/lang/Object; @ 49
Event: 10.618 Thread 0x000000001d7a2800 Uncommon trap: reason=unstable_if action=reinterpret pc=0x00000000042fc8e0 method=org.objectweb.asm.MethodWriter.visitLabel(Lorg/objectweb/asm/Label;)V @ 312
Event: 10.618 Thread 0x000000001d7a2800 Uncommon trap: reason=unstable_if action=reinterpret pc=0x000000000369f648 method=org.objectweb.asm.MethodWriter.visitInsn(I)V @ 32
Event: 10.618 Thread 0x000000001d7a2800 Uncommon trap: reason=unstable_if action=reinterpret pc=0x0000000004385f2c method=org.objectweb.asm.MethodWriter.visitMethodInsn(ILjava/lang/String;Ljava/lang/String;Ljava/lang/String;Z)V @ 89
Event: 10.618 Thread 0x000000001d7a2800 Uncommon trap: reason=unstable_if action=reinterpret pc=0x00000000043a5b9c method=org.objectweb.asm.MethodWriter.endCurrentBasicBlockWithNoSuccessor()V @ 5
Event: 10.618 Thread 0x000000001d7a2800 Uncommon trap: reason=unstable_if action=reinterpret pc=0x000000000366a5b8 method=org.objectweb.asm.MethodWriter.visitMaxs(II)V @ 35
Event: 10.735 Thread 0x000000001d7a2800 Uncommon trap: reason=class_check action=maybe_recompile pc=0x0000000004eb25b0 method=java.util.Spliterators$1Adapter.hasNext()Z @ 12
Event: 10.735 Thread 0x000000001d7a2800 Uncommon trap: reason=class_check action=maybe_recompile pc=0x0000000004eb25b0 method=java.util.Spliterators$1Adapter.hasNext()Z @ 12
Event: 10.801 Thread 0x000000001f8e9000 Uncommon trap: reason=unstable_if action=reinterpret pc=0x00000000043562ac method=java.lang.StringCoding$StringDecoder.decode([BII)[C @ 20
Event: 10.802 Thread 0x000000001f8e9000 Uncommon trap: reason=unstable_if action=reinterpret pc=0x00000000043675f0 method=java.lang.StringCoding$StringDecoder.decode([BII)[C @ 20

Internal exceptions (10 events):
Event: 8.778 Thread 0x000000001d7af800 Exception <a 'java/lang/NoSuchMethodError': java.lang.Object.lambda$negate$1(Ljava/lang/Object;)Z> (0x00000000e0bd37b0) thrown at [C:\re\workspace\8-2-build-windows-amd64-cygwin\jdk8u91\7017\hotspot\src\share\vm\interpreter\linkResolver.cpp, line 582]
Event: 10.242 Thread 0x000000001d7af800 Exception <a 'java/lang/NoSuchMethodError': java.lang.Object.lambda$comparingInt$7b0bb60$1(Ljava/util/function/ToIntFunction;Ljava/lang/Object;Ljava/lang/Object;)I> (0x00000000e0d00bc8) thrown at [C:\re\workspace\8-2-build-windows-amd64-cygwin\jdk8u91\70174ÖþÎöÐ$@
Event: 10.408 Thread 0x000000001d7af800 Exception <a 'sun/nio/fs/WindowsException'> (0x00000000e2b48b78) thrown at [C:\re\workspace\8-2-build-windows-amd64-cygwin\jdk8u91\7017\hotspot\src\share\vm\prims\jni.cpp, line 709]
Event: 10.408 Thread 0x000000001d7af800 Exception <a 'sun/nio/fs/WindowsException'> (0x00000000e2b49498) thrown at [C:\re\workspace\8-2-build-windows-amd64-cygwin\jdk8u91\7017\hotspot\src\share\vm\prims\jni.cpp, line 709]
Event: 10.732 Thread 0x000000001d7a2800 Exception <a 'sun/nio/fs/WindowsException'> (0x00000000d5bab2f8) thrown at [C:\re\workspace\8-2-build-windows-amd64-cygwin\jdk8u91\7017\hotspot\src\share\vm\prims\jni.cpp, line 709]
Event: 10.732 Thread 0x000000001d7a2800 Exception <a 'sun/nio/fs/WindowsException'> (0x00000000d5bac758) thrown at [C:\re\workspace\8-2-build-windows-amd64-cygwin\jdk8u91\7017\hotspot\src\share\vm\prims\jni.cpp, line 709]
Event: 10.733 Thread 0x000000001d7a2800 Exception <a 'sun/nio/fs/WindowsException'> (0x00000000d5bb8a50) thrown at [C:\re\workspace\8-2-build-windows-amd64-cygwin\jdk8u91\7017\hotspot\src\share\vm\prims\jni.cpp, line 709]
Event: 10.733 Thread 0x000000001d7a2800 Exception <a 'sun/nio/fs/WindowsException'> (0x00000000d5bb9ef8) thrown at [C:\re\workspace\8-2-build-windows-amd64-cygwin\jdk8u91\7017\hotspot\src\share\vm\prims\jni.cpp, line 709]
Event: 10.733 Thread 0x000000001d7a2800 Exception <a 'sun/nio/fs/WindowsException'> (0x00000000d5bbc8f0) thrown at [C:\re\workspace\8-2-build-windows-amd64-cygwin\jdk8u91\7017\hotspot\src\share\vm\prims\jni.cpp, line 709]
Event: 10.733 Thread 0x000000001d7a2800 Exception <a 'sun/nio/fs/WindowsException'> (0x00000000d5bbdda8) thrown at [C:\re\workspace\8-2-build-windows-amd64-cygwin\jdk8u91\7017\hotspot\src\share\vm\prims\jni.cpp, line 709]

Events (10 events):
Event: 10.836 loading class it/unimi/dsi/fastutil/ints/IntCollections$EmptyCollection
Event: 10.836 loading class it/unimi/dsi/fastutil/ints/IntCollections$EmptyCollection done
Event: 10.837 loading class it/unimi/dsi/fastutil/ints/IntBidirectionalIterator
Event: 10.837 loading class it/unimi/dsi/fastutil/ints/IntBidirectionalIterator done
Event: 10.837 loading class it/unimi/dsi/fastutil/objects/ObjectBidirectionalIterator
Event: 10.837 loading class it/unimi/dsi/fastutil/objects/ObjectBidirectionalIterator done
Event: 10.837 loading class it/unimi/dsi/fastutil/objects/ObjectIterator
Event: 10.837 loading class it/unimi/dsi/fastutil/objects/ObjectIterator done
Event: 10.838 loading class it/unimi/dsi/fastutil/BidirectionalIterator
Event: 10.838 loading class it/unimi/dsi/fastutil/BidirectionalIterator done


Dynamic libraries:
0x00007ff6287c0000 - 0x00007ff6287f7000 	D:\Program Files\Java\jdk1.8.0_91\bin\java.exe
0x00007ffb9cfb0000 - 0x00007ffb9d1a5000 	C:\WINDOWS\SYSTEM32\ntdll.dll
0x00007ffb9cd20000 - 0x00007ffb9cddd000 	C:\WINDOWS\System32\KERNEL32.DLL
0x00007ffb9a6e0000 - 0x00007ffb9a9a9000 	C:\WINDOWS\System32\KERNELBASE.dll
0x00007ffb9b400000 - 0x00007ffb9b4ac000 	C:\WINDOWS\System32\ADVAPI32.dll
0x00007ffb9b810000 - 0x00007ffb9b8ae000 	C:\WINDOWS\System32\msvcrt.dll
0x00007ffb9cc20000 - 0x00007ffb9ccbb000 	C:\WINDOWS\System32\sechost.dll
0x00007ffb9bb30000 - 0x00007ffb9bc5a000 	C:\WINDOWS\System32\RPCRT4.dll
0x00007ffb9b960000 - 0x00007ffb9bb00000 	C:\WINDOWS\System32\USER32.dll
0x00007ffb9ad80000 - 0x00007ffb9ada2000 	C:\WINDOWS\System32\win32u.dll
0x00007ffb9cde0000 - 0x00007ffb9ce0a000 	C:\WINDOWS\System32\GDI32.dll
0x00007ffb9a9b0000 - 0x00007ffb9aabb000 	C:\WINDOWS\System32\gdi32full.dll
0x00007ffb9af70000 - 0x00007ffb9b00d000 	C:\WINDOWS\System32\msvcp_win.dll
0x00007ffb9ac20000 - 0x00007ffb9ad20000 	C:\WINDOWS\System32\ucrtbase.dll
0x00007ffb85ed0000 - 0x00007ffb8616a000 	C:\WINDOWS\WinSxS\amd64_microsoft.windows.common-controls_6595b64144ccf1df_6.0.19041.1110_none_60b5254171f9507e\COMCTL32.dll
0x00007ffb9bb00000 - 0x00007ffb9bb30000 	C:\WINDOWS\System32\IMM32.DLL
0x0000000072b40000 - 0x0000000072c12000 	D:\Program Files\Java\jdk1.8.0_91\jre\bin\msvcr100.dll
0x00000000722a0000 - 0x0000000072b33000 	D:\Program Files\Java\jdk1.8.0_91\jre\bin\server\jvm.dll
0x00007ffb9b010000 - 0x00007ffb9b018000 	C:\WINDOWS\System32\PSAPI.DLL
0x00007ffb94e10000 - 0x00007ffb94e37000 	C:\WINDOWS\SYSTEM32\WINMM.dll
0x00007ffb97ad0000 - 0x00007ffb97ad9000 	C:\WINDOWS\SYSTEM32\WSOCK32.dll
0x00007ffb95e10000 - 0x00007ffb95e1a000 	C:\WINDOWS\SYSTEM32\VERSION.dll
0x00007ffb9ce10000 - 0x00007ffb9ce7b000 	C:\WINDOWS\System32\WS2_32.dll
0x0000000072290000 - 0x000000007229f000 	D:\Program Files\Java\jdk1.8.0_91\jre\bin\verify.dll
0x0000000072260000 - 0x0000000072289000 	D:\Program Files\Java\jdk1.8.0_91\jre\bin\java.dll
0x0000000072240000 - 0x0000000072256000 	D:\Program Files\Java\jdk1.8.0_91\jre\bin\zip.dll
0x00007ffb9bf40000 - 0x00007ffb9c67f000 	C:\WINDOWS\System32\SHELL32.dll
0x00007ffb987d0000 - 0x00007ffb98f60000 	C:\WINDOWS\SYSTEM32\windows.storage.dll
0x00007ffb9b4b0000 - 0x00007ffb9b805000 	C:\WINDOWS\System32\combase.dll
0x00007ffb9a140000 - 0x00007ffb9a16c000 	C:\WINDOWS\SYSTEM32\Wldp.dll
0x00007ffb9b8b0000 - 0x00007ffb9b95e000 	C:\WINDOWS\System32\SHCORE.dll
0x00007ffb9cbc0000 - 0x00007ffb9cc15000 	C:\WINDOWS\System32\shlwapi.dll
0x00007ffb9a620000 - 0x00007ffb9a63f000 	C:\WINDOWS\SYSTEM32\profapi.dll
0x0000000072220000 - 0x000000007223a000 	D:\Program Files\Java\jdk1.8.0_91\jre\bin\net.dll
0x00007ffb99ea0000 - 0x00007ffb99f0a000 	C:\WINDOWS\system32\mswsock.dll
0x0000000072200000 - 0x0000000072211000 	D:\Program Files\Java\jdk1.8.0_91\jre\bin\nio.dll
0x00007ffb6c9a0000 - 0x00007ffb6c9c7000 	D:\Software\.gradle\native\fdc75f09e3144964f2cf3f50f0aa648679c211496f362492102eb8c894070792\windows-amd64\native-platform.dll
0x00007ffb67a20000 - 0x00007ffb67bb6000 	D:\Software\.gradle\native\12488b8bf47d2d4c9fbf2f6322a914ad602e24e48041cd04a747c6da556b65c4\windows-amd64\native-platform-file-events.dll
0x00000000721f0000 - 0x00000000721fd000 	D:\Program Files\Java\jdk1.8.0_91\jre\bin\management.dll
0x00007ffb9a090000 - 0x00007ffb9a0a8000 	C:\WINDOWS\SYSTEM32\CRYPTSP.dll
0x00007ffb997b0000 - 0x00007ffb997e4000 	C:\WINDOWS\system32\rsaenh.dll
0x00007ffb9ae00000 - 0x00007ffb9ae27000 	C:\WINDOWS\System32\bcrypt.dll
0x00007ffb9a5a0000 - 0x00007ffb9a5ce000 	C:\WINDOWS\SYSTEM32\USERENV.dll
0x00007ffb9ae30000 - 0x00007ffb9aeb3000 	C:\WINDOWS\System32\bcryptprimitives.dll
0x00007ffb9a0b0000 - 0x00007ffb9a0bc000 	C:\WINDOWS\SYSTEM32\CRYPTBASE.dll
0x00007ffb99b40000 - 0x00007ffb99b7b000 	C:\WINDOWS\SYSTEM32\IPHLPAPI.DLL
0x00007ffb9b0c0000 - 0x00007ffb9b0c8000 	C:\WINDOWS\System32\NSI.dll
0x00007ffb90a40000 - 0x00007ffb90a57000 	C:\WINDOWS\SYSTEM32\dhcpcsvc6.DLL
0x00007ffb90a80000 - 0x00007ffb90a9d000 	C:\WINDOWS\SYSTEM32\dhcpcsvc.DLL
0x00007ffb99b90000 - 0x00007ffb99c5c000 	C:\WINDOWS\SYSTEM32\DNSAPI.dll
0x00007ffb92990000 - 0x00007ffb9299b000 	C:\WINDOWS\SYSTEM32\WINNSI.DLL

VM Arguments:
jvm_args: -Xmx2048m -Dfile.encoding=UTF-8 -Duser.country=CN -Duser.language=zh -Duser.variant 
java_command: org.gradle.launcher.daemon.bootstrap.GradleDaemon 6.7.1
java_class_path (initial): D:\Software\.gradle\wrapper\dists\gradle-6.7.1-bin\bwlcbys1h7rz3272sye1xwiv6\gradle-6.7.1\lib\gradle-launcher-6.7.1.jar
Launcher Type: SUN_STANDARD

Environment Variables:
JAVA_HOME=D:\Program Files\Java
CLASSPATH=.;D:\Program Files\Java\lib\dt.jar;D:\Program Files\Java\lib\tools.jar£»
PATH=C:\ProgramData\Oracle\Java\javapath;C:\WINDOWS\system32;C:\WINDOWS;C:\WINDOWS\System32\Wbem;C:\WINDOWS\System32\WindowsPowerShell\v1.0\;C:\WINDOWS\System32\OpenSSH\;"D:\Program Files\Java\bin;";"D:\Program Files\Java\jre\bin;";D:\Software\mysql-8.0.25-winx64\bin;D:\Software\git\Git\cmd;C:\Users\30100\AppData\Local\Microsoft\WindowsApps;;D:\Software\Idea\IntelliJ IDEA 2021.1.2\bin;;C:\Program Files\Bandizip\
USERNAME=30100
OS=Windows_NT
PROCESSOR_IDENTIFIER=Intel64 Family 6 Model 142 Stepping 11, GenuineIntel



---------------  S Y S T E M  ---------------

OS: Windows 10.0 , 64 bit Build 19041 (10.0.19041.1151)

CPU:total 8 (4 cores per cpu, 2 threads per core) family 6 model 142 stepping 11, cmov, cx8, fxsr, mmx, sse, sse2, sse3, ssse3, sse4.1, sse4.2, popcnt, avx, avx2, aes, clmul, erms, 3dnowpref, lzcnt, ht, tsc, tscinvbit, bmi1, bmi2, adx

Memory: 4k page, physical 8236400k(940956k free), swap 12430704k(4632k free)

vm_info: Java HotSpot(TM) 64-Bit Server VM (25.91-b15) for windows-amd64 JRE (1.8.0_91-b15), built on May 20 2016 17:43:15 by "java_re" with MS VC++ 10.0 (VS2010)

time: Mon Aug 16 16:43:09 2021
elapsed time: 10 seconds (0d 0h 0m 10s)

